<?xml version="1.0" encoding="UTF-8"?>
<!-- Generated by org.testng.reporters.JUnitReportReporter -->
<testsuite skipped="0" hostname="DESKTOP-GVMEJ3C" name="com.testng.frame.Invocationcount_Test" tests="15" failures="0" timestamp="2022-11-17T19:46:20 IST" time="0.025" errors="0">
  <testcase name="five" time="0.012" classname="com.testng.frame.Invocationcount_Test"/>
  <testcase name="two" time="0.001" classname="com.testng.frame.Invocationcount_Test"/>
  <testcase name="three" time="0.001" classname="com.testng.frame.Invocationcount_Test"/>
  <testcase name="four" time="0.002" classname="com.testng.frame.Invocationcount_Test"/>
  <testcase name="five" time="0.001" classname="com.testng.frame.Invocationcount_Test"/>
  <testcase name="three" time="0.000" classname="com.testng.frame.Invocationcount_Test"/>
  <testcase name="four" time="0.001" classname="com.testng.frame.Invocationcount_Test"/>
  <testcase name="four" time="0.001" classname="com.testng.frame.Invocationcount_Test"/>
  <testcase name="five" time="0.000" classname="com.testng.frame.Invocationcount_Test"/>
  <testcase name="five" time="0.001" classname="com.testng.frame.Invocationcount_Test"/>
  <testcase name="two" time="0.001" classname="com.testng.frame.Invocationcount_Test"/>
  <testcase name="five" time="0.001" classname="com.testng.frame.Invocationcount_Test"/>
  <testcase name="three" time="0.001" classname="com.testng.frame.Invocationcount_Test"/>
  <testcase name="four" time="0.001" classname="com.testng.frame.Invocationcount_Test"/>
  <testcase name="one" time="0.001" classname="com.testng.frame.Invocationcount_Test"/>
</testsuite> <!-- com.testng.frame.Invocationcount_Test -->
