<?xml version="1.0" encoding="UTF-8"?>
<!-- Generated by org.testng.reporters.JUnitReportReporter -->
<testsuite skipped="0" hostname="DESKTOP-GVMEJ3C" name="com.testng.frame.Cross_Browser_Test" tests="2" failures="0" timestamp="2022-11-28T15:39:38 IST" time="11.244" errors="0">
  <testcase name="amazon_edge" time="5.354" classname="com.testng.frame.Cross_Browser_Test"/>
  <testcase name="adactin_chrome" time="5.890" classname="com.testng.frame.Cross_Browser_Test"/>
</testsuite> <!-- com.testng.frame.Cross_Browser_Test -->
