<?xml version="1.0" encoding="UTF-8"?>
<!-- Generated by org.testng.reporters.JUnitReportReporter -->
<testsuite skipped="2" hostname="DESKTOP-GVMEJ3C" name="com.testng.frame.Ignore_Test" tests="4" failures="0" timestamp="2022-11-17T19:57:11 IST" time="0.014" errors="0">
  <testcase name="three" time="0.001" classname="com.testng.frame.Ignore_Test"/>
  <testcase name="four" time="0.013" classname="com.testng.frame.Ignore_Test"/>
  <testcase name="one" classname="com.testng.frame.Ignore_Test">
    <skipped/>
  </testcase> <!-- one -->
  <testcase name="two" classname="com.testng.frame.Ignore_Test">
    <skipped/>
  </testcase> <!-- two -->
</testsuite> <!-- com.testng.frame.Ignore_Test -->
