<?xml version="1.0" encoding="UTF-8"?>
<!-- Generated by org.testng.reporters.JUnitReportReporter -->
<testsuite skipped="0" hostname="DESKTOP-GVMEJ3C" name="com.testng.frame.Parallel_Test" tests="2" failures="0" timestamp="2022-11-28T15:35:56 IST" time="9.983" errors="0">
  <testcase name="adactin" time="6.317" classname="com.testng.frame.Parallel_Test"/>
  <testcase name="fb" time="3.666" classname="com.testng.frame.Parallel_Test"/>
</testsuite> <!-- com.testng.frame.Parallel_Test -->
