<?xml version="1.0" encoding="UTF-8"?>
<!-- Generated by org.testng.reporters.JUnitReportReporter -->
<testsuite skipped="0" hostname="DESKTOP-GVMEJ3C" name="com.testng.frame.Demo_Annotation" tests="2" failures="0" timestamp="2022-11-16T22:40:54 IST" time="0.006" errors="0">
  <testcase name="AND" time="0.004" classname="com.testng.frame.Demo_Annotation"/>
  <testcase name="glass" time="0.002" classname="com.testng.frame.Demo_Annotation"/>
</testsuite> <!-- com.testng.frame.Demo_Annotation -->
