<?xml version="1.0" encoding="UTF-8"?>
<!-- Generated by org.testng.reporters.JUnitReportReporter -->
<testsuite skipped="0" hostname="DESKTOP-GVMEJ3C" name="com.testng.frame.Description_Test" tests="5" failures="0" timestamp="2022-11-17T19:49:40 IST" time="0.018" errors="0">
  <testcase name="two" time="0.001" classname="com.testng.frame.Description_Test"/>
  <testcase name="five" time="0.015" classname="com.testng.frame.Description_Test"/>
  <testcase name="four" time="0.001" classname="com.testng.frame.Description_Test"/>
  <testcase name="one" time="0.000" classname="com.testng.frame.Description_Test"/>
  <testcase name="three" time="0.001" classname="com.testng.frame.Description_Test"/>
</testsuite> <!-- com.testng.frame.Description_Test -->
