<?xml version="1.0" encoding="UTF-8"?>
<!-- Generated by org.testng.reporters.JUnitReportReporter -->
<testsuite skipped="0" hostname="DESKTOP-GVMEJ3C" name="com.testng.frame.Parameter_Test" tests="1" failures="0" timestamp="2022-11-28T14:24:48 IST" time="0.016" errors="0">
  <testcase name="one" time="0.016" classname="com.testng.frame.Parameter_Test"/>
</testsuite> <!-- com.testng.frame.Parameter_Test -->
