<?xml version="1.0" encoding="UTF-8"?>
<!-- Generated by org.testng.reporters.JUnitReportReporter -->
<testsuite skipped="0" hostname="DESKTOP-GVMEJ3C" name="com.testng.frame.Priority_Test" tests="5" failures="0" timestamp="2022-11-17T19:42:31 IST" time="0.022" errors="0">
  <testcase name="five" time="0.017" classname="com.testng.frame.Priority_Test"/>
  <testcase name="four" time="0.002" classname="com.testng.frame.Priority_Test"/>
  <testcase name="three" time="0.001" classname="com.testng.frame.Priority_Test"/>
  <testcase name="one" time="0.001" classname="com.testng.frame.Priority_Test"/>
  <testcase name="two" time="0.001" classname="com.testng.frame.Priority_Test"/>
</testsuite> <!-- com.testng.frame.Priority_Test -->
