<?xml version="1.0" encoding="UTF-8"?>
<!-- Generated by org.testng.reporters.JUnitReportReporter -->
<testsuite skipped="0" hostname="DESKTOP-GVMEJ3C" name="com.testng.frame.Group_Test" tests="5" failures="0" timestamp="2022-11-24T14:42:31 IST" time="0.014" errors="0">
  <testcase name="one" time="0.001" classname="com.testng.frame.Group_Test"/>
  <testcase name="five" time="0.009" classname="com.testng.frame.Group_Test"/>
  <testcase name="three" time="0.001" classname="com.testng.frame.Group_Test"/>
  <testcase name="seven" time="0.001" classname="com.testng.frame.Group_Test"/>
  <testcase name="six" time="0.002" classname="com.testng.frame.Group_Test"/>
</testsuite> <!-- com.testng.frame.Group_Test -->
