<?xml version="1.0" encoding="UTF-8"?>
<!-- Generated by org.testng.reporters.JUnitReportReporter -->
<testsuite skipped="0" hostname="DESKTOP-GVMEJ3C" name="com.testng.frame.Data_Provider" tests="2" failures="0" timestamp="2022-11-28T15:18:48 IST" time="0.010" errors="0">
  <testcase name="data" time="0.000" classname="com.testng.frame.Data_Provider"/>
  <testcase name="data" time="0.010" classname="com.testng.frame.Data_Provider"/>
</testsuite> <!-- com.testng.frame.Data_Provider -->
